<?xml version="1.0" encoding="UTF-8"?>
<!-- Generated by org.testng.reporters.JUnitReportReporter -->
<testsuite hostname="OMNI-OKOYE" failures="0" tests="1" name="TestNG_01" time="3.402" errors="0" timestamp="2022-08-26T16:40:49 WAT" skipped="0">
  <testcase classname="TestNG_01" name="Test_01" time="3.402"/>
  <system-out/>
</testsuite> <!-- TestNG_01 -->
